<?xml version="1.0" encoding="UTF-8"?>
<testsuites name="jest tests" tests="2" failures="0" errors="0" time="81.903">
  <testsuite name="cdk-nag AwsSolutions Pack" errors="0" failures="0" skipped="0" timestamp="2024-06-30T03:02:41" time="81.842" tests="2">
    <testcase classname="cdk-nag AwsSolutions Pack Output all Warnings and Errors" name="cdk-nag AwsSolutions Pack Output all Warnings and Errors" time="27.266">
    </testcase>
    <testcase classname="cdk-nag AwsSolutions Pack No unsuppressed Warnings or Errors after applying suppressions" name="cdk-nag AwsSolutions Pack No unsuppressed Warnings or Errors after applying suppressions" time="22.973">
    </testcase>
  </testsuite>
</testsuites>